{
  message: 'Database is connected on port 5000',
  level: 'info',
  label: 'University project',
  timestamp: '2023-06-11T01:38:27.391Z'
}
{
  message: 'Application listening on port 5000',
  level: 'info',
  label: 'University project',
  timestamp: '2023-06-11T01:38:27.411Z'
}
Sun Jun 11 2023 7:38:36 [University project] info: Database is connected on port 5000
Sun Jun 11 2023 7:38:36 [University project] info: Application listening on port 5000
Sun Jun 11 2023 7:40:14 [University project] info: Database is connected on port 5000
Sun Jun 11 2023 7:40:14 [University project] info: Application listening on port 5000
Sun Jun 11 2023 7:40:33 [University project] info: Database is connected on port 5000
Sun Jun 11 2023 7:40:33 [University project] info: Application listening on port 5000
Sun Jun 11 2023 7:41:10 [University project] info: Database is connected on port 5000
Sun Jun 11 2023 7:41:10 [University project] info: Application listening on port 5000
Sun Jun 11 2023 7:41:24 [University project] info: Database is connected on port 5000
Sun Jun 11 2023 7:41:24 [University project] info: Application listening on port 5000
Sun Jun 11 2023 7:41:30 [University project] info: Database is connected on port 5000
Sun Jun 11 2023 7:41:30 [University project] info: Application listening on port 5000
Sun Jun 11 2023 7:41:47 [University project] info: Database is connected on port 5000
Sun Jun 11 2023 7:41:47 [University project] info: Application listening on port 5000
Sun Jun 11 2023 7:43:28 [University project] info: Database is connected on port 5000
Sun Jun 11 2023 7:43:28 [University project] info: Application listening on port 5000
Sun Jun 11 2023 7:43:42 [University project] info: Database is connected on port 5000
Sun Jun 11 2023 7:43:42 [University project] info: Application listening on port 5000
Sun Jun 11 2023 7:43:48 [University project] info: Database is connected on port 5000
Sun Jun 11 2023 7:43:48 [University project] info: Application listening on port 5000
Sun Jun 11 2023 7:44:4 [University project] info: Database is connected on port 5000
Sun Jun 11 2023 7:44:4 [University project] info: Application listening on port 5000
